2022-07-27 18:47:50.234  INFO 12332 --- [main] lavalink.server.Launcher                 : 

[32m       .  [31m _                  _ _       _    [32m__ _ _
[32m      /\\ [31m| | __ ___   ____ _| (_)_ __ | | __[32m\ \ \ \
[32m     ( ( )[31m| |/ _` \ \ / / _` | | | '_ \| |/ /[32m \ \ \ \
[32m      \\/ [31m| | (_| |\ V / (_| | | | | | |   < [32m  ) ) ) )
[32m       '  [31m|_|\__,_| \_/ \__,_|_|_|_| |_|_|\_\[32m / / / /
[0m    =========================================[32m/_/_/_/[0m

	Version:        3.4
	Build:          1257
	Build time:     26.10.2021 14:18:37 UTC
	Branch          master
	Commit:         a364833
	Commit time:    26.10.2021 14:15:20 UTC
	JVM:            18.0.1.1
	Lavaplayer      1.3.96-original

2022-07-27 18:47:50.303  INFO 12332 --- [main] lavalink.server.Launcher                 : Starting Launcher on BAQUETERO with PID 12332 (C:\Users\Usuario\Desktop\Programacion\AstroSepia\AstroSepia\Libs\Lavalink.jar started by BAQUETISTA in C:\Users\Usuario\Desktop\Programacion\AstroSepia\AstroSepia\Libs)
2022-07-27 18:47:50.304  INFO 12332 --- [main] lavalink.server.Launcher                 : No active profile set, falling back to default profiles: default
2022-07-27 18:47:50.361  WARN 12332 --- [background-preinit] o.s.h.c.j.Jackson2ObjectMapperBuilder    : For Jackson Kotlin classes support please add "com.fasterxml.jackson.module:jackson-module-kotlin" to the classpath
2022-07-27 18:47:50.978  WARN 12332 --- [main] io.undertow.websockets.jsr               : UT026010: Buffer pool was not set on WebSocketDeploymentInfo, the default pool will be used
2022-07-27 18:47:50.992  INFO 12332 --- [main] io.undertow.servlet                      : Initializing Spring embedded WebApplicationContext
2022-07-27 18:47:50.993  INFO 12332 --- [main] o.s.web.context.ContextLoader            : Root WebApplicationContext: initialization completed in 655 ms
2022-07-27 18:47:51.209  WARN 12332 --- [main] l.server.config.SentryConfiguration      : Turning off sentry
2022-07-27 18:47:51.418  INFO 12332 --- [main] c.s.d.l.tools.GarbageCollectionMonitor   : GC monitoring enabled, reporting results every 2 minutes.
2022-07-27 18:47:51.531  INFO 12332 --- [main] lavalink.server.config.KoeConfiguration  : OS: Windows 10, Arch: amd64
2022-07-27 18:47:51.531  WARN 12332 --- [main] lavalink.server.config.KoeConfiguration  : This system and architecture appears to not support native audio sending! GC pauses may cause your bot to stutter during playback.
2022-07-27 18:47:51.688  INFO 12332 --- [main] o.s.s.concurrent.ThreadPoolTaskExecutor  : Initializing ExecutorService 'applicationTaskExecutor'
2022-07-27 18:47:51.912  INFO 12332 --- [main] org.xnio                                 : XNIO version 3.3.8.Final
2022-07-27 18:47:51.921  INFO 12332 --- [main] org.xnio.nio                             : XNIO NIO Implementation Version 3.3.8.Final
2022-07-27 18:47:51.968  INFO 12332 --- [main] o.s.b.w.e.u.UndertowServletWebServer     : Undertow started on port(s) 2333 (http) with context path ''
2022-07-27 18:47:51.971  INFO 12332 --- [main] lavalink.server.Launcher                 : Started Launcher in 2.033 seconds (JVM running for 2.468)
2022-07-27 18:47:51.972  INFO 12332 --- [main] lavalink.server.Launcher                 : You can safely ignore the big red warning about illegal reflection. See https://github.com/freyacodes/Lavalink/issues/295
2022-07-27 19:02:31.794  INFO 12332 --- [XNIO-1 task-1] io.undertow.servlet                      : Initializing Spring DispatcherServlet 'dispatcherServlet'
2022-07-27 19:02:31.795  INFO 12332 --- [XNIO-1 task-1] o.s.web.servlet.DispatcherServlet        : Initializing Servlet 'dispatcherServlet'
2022-07-27 19:02:31.799  INFO 12332 --- [XNIO-1 task-1] o.s.web.servlet.DispatcherServlet        : Completed initialization in 4 ms
2022-07-27 19:02:31.810  INFO 12332 --- [XNIO-1 task-1] l.server.io.HandshakeInterceptorImpl     : Incoming connection from /127.0.0.1:53874
2022-07-27 19:02:31.849  INFO 12332 --- [XNIO-1 task-1] lavalink.server.io.SocketServer          : Connection successfully established from lavalink-rs/0.9.0-rc.3
2022-07-27 19:02:32.275  WARN 12332 --- [pool-2-thread-1] o.u.p.windows.PerfCounterWildcardQuery   : Disabling further attempts to query Processor Information.
2022-07-27 19:05:34.865  INFO 12332 --- [XNIO-1 I/O-6] lavalink.server.io.SocketServer          : {"guildId":"933357217913135114","op":"pause","pause":true}
2022-07-27 19:05:34.960  INFO 12332 --- [XNIO-1 I/O-6] lavalink.server.io.SocketServer          : {"event":{"endpoint":"milan4539.discord.media:443","guildId":"933357217913135114","token":"4227713d90fb4467"},"guildId":"933357217913135114","op":"voiceUpdate","sessionId":"534cd2b542ba5032b5b3a00824981a76"}
2022-07-27 19:05:35.263  INFO 12332 --- [XNIO-1 I/O-6] lavalink.server.io.SocketServer          : {"event":{"endpoint":"milan4539.discord.media:443","guildId":"933357217913135114","token":"4227713d90fb4467"},"guildId":"933357217913135114","op":"voiceUpdate","sessionId":"534cd2b542ba5032b5b3a00824981a76"}
2022-07-27 19:05:35.966  INFO 12332 --- [XNIO-1 I/O-6] lavalink.server.io.SocketServer          : {"guildId":"933357217913135114","op":"pause","pause":false}
2022-07-27 19:06:02.753  INFO 12332 --- [XNIO-1 I/O-6] lavalink.server.io.SocketServer          : {"event":{"endpoint":"milan4539.discord.media:443","guildId":"933357217913135114","token":"4227713d90fb4467"},"guildId":"933357217913135114","op":"voiceUpdate","sessionId":"534cd2b542ba5032b5b3a00824981a76"}
2022-07-27 19:06:02.782  INFO 12332 --- [XNIO-1 task-2] l.server.player.AudioLoaderRestHandler   : Got request to load for identifier "ytsearch:bzrp quevedo"
2022-07-27 19:06:03.485  INFO 12332 --- [lava-daemon-pool-info-loader-2-thread-1] lavalink.server.player.AudioLoader       : No matches found
2022-07-27 19:06:19.228  INFO 12332 --- [XNIO-1 I/O-6] lavalink.server.io.SocketServer          : {"event":{"endpoint":"milan4539.discord.media:443","guildId":"933357217913135114","token":"4227713d90fb4467"},"guildId":"933357217913135114","op":"voiceUpdate","sessionId":"534cd2b542ba5032b5b3a00824981a76"}
2022-07-27 19:06:19.232  INFO 12332 --- [XNIO-1 task-4] l.server.player.AudioLoaderRestHandler   : Got request to load for identifier "ytsearch:BZRP Session Quevedo"
2022-07-27 19:06:19.822  INFO 12332 --- [lava-daemon-pool-info-loader-2-thread-1] lavalink.server.player.AudioLoader       : No matches found
2022-07-27 19:06:30.881  INFO 12332 --- [XNIO-1 I/O-6] lavalink.server.io.SocketServer          : {"event":{"endpoint":"milan4539.discord.media:443","guildId":"933357217913135114","token":"4227713d90fb4467"},"guildId":"933357217913135114","op":"voiceUpdate","sessionId":"534cd2b542ba5032b5b3a00824981a76"}
2022-07-27 19:06:30.884  INFO 12332 --- [XNIO-1 task-6] l.server.player.AudioLoaderRestHandler   : Got request to load for identifier "ytsearch:never gonna give you up"
2022-07-27 19:06:31.669  INFO 12332 --- [lava-daemon-pool-info-loader-2-thread-1] lavalink.server.player.AudioLoader       : No matches found
2022-07-27 19:06:36.335  INFO 12332 --- [XNIO-1 I/O-6] lavalink.server.io.SocketServer          : {"event":{"endpoint":"milan4539.discord.media:443","guildId":"933357217913135114","token":"4227713d90fb4467"},"guildId":"933357217913135114","op":"voiceUpdate","sessionId":"534cd2b542ba5032b5b3a00824981a76"}
2022-07-27 19:06:36.338  INFO 12332 --- [XNIO-1 task-8] l.server.player.AudioLoaderRestHandler   : Got request to load for identifier "https://www.youtube.com/watch?v=A_g3lMcWVy0&list=RDA_g3lMcWVy0&start_radio=1"
2022-07-27 19:06:37.069  INFO 12332 --- [lava-daemon-pool-info-loader-2-thread-1] lavalink.server.player.AudioLoader       : Loaded playlist Mix - QUEVEDO || BZRP Music Sessions #52
2022-07-27 19:06:37.089  INFO 12332 --- [XNIO-1 I/O-6] lavalink.server.io.SocketServer          : {"guildId":"933357217913135114","noReplace":false,"op":"play","startTime":0,"track":"QAAAhAIAIlFVRVZFRE8gfHwgQlpSUCBNdXNpYyBTZXNzaW9ucyAjNTIACEJpemFycmFwAAAAAAADHOAAC0FfZzNsTWNXVnkwAAEAK2h0dHBzOi8vd3d3LnlvdXR1YmUuY29tL3dhdGNoP3Y9QV9nM2xNY1dWeTAAB3lvdXR1YmUAAAAAAAAAAA=="}
2022-07-27 19:07:25.591  INFO 10124 --- [main] lavalink.server.Launcher                 : 

[32m       .  [31m _                  _ _       _    [32m__ _ _
[32m      /\\ [31m| | __ ___   ____ _| (_)_ __ | | __[32m\ \ \ \
[32m     ( ( )[31m| |/ _` \ \ / / _` | | | '_ \| |/ /[32m \ \ \ \
[32m      \\/ [31m| | (_| |\ V / (_| | | | | | |   < [32m  ) ) ) )
[32m       '  [31m|_|\__,_| \_/ \__,_|_|_|_| |_|_|\_\[32m / / / /
[0m    =========================================[32m/_/_/_/[0m

	Version:        3.4
	Build:          1257
	Build time:     26.10.2021 14:18:37 UTC
	Branch          master
	Commit:         a364833
	Commit time:    26.10.2021 14:15:20 UTC
	JVM:            18.0.1.1
	Lavaplayer      1.3.96-original

2022-07-27 19:07:25.646  INFO 10124 --- [main] lavalink.server.Launcher                 : Starting Launcher on BAQUETERO with PID 10124 (C:\Users\Usuario\Desktop\Programacion\AstroSepia\AstroSepia\Libs\Lavalink.jar started by BAQUETISTA in C:\Users\Usuario\Desktop\Programacion\AstroSepia\AstroSepia\Libs)
2022-07-27 19:07:25.646  INFO 10124 --- [main] lavalink.server.Launcher                 : No active profile set, falling back to default profiles: default
2022-07-27 19:07:25.709  WARN 10124 --- [background-preinit] o.s.h.c.j.Jackson2ObjectMapperBuilder    : For Jackson Kotlin classes support please add "com.fasterxml.jackson.module:jackson-module-kotlin" to the classpath
2022-07-27 19:07:26.302  WARN 10124 --- [main] io.undertow.websockets.jsr               : UT026010: Buffer pool was not set on WebSocketDeploymentInfo, the default pool will be used
2022-07-27 19:07:26.316  INFO 10124 --- [main] io.undertow.servlet                      : Initializing Spring embedded WebApplicationContext
2022-07-27 19:07:26.316  INFO 10124 --- [main] o.s.web.context.ContextLoader            : Root WebApplicationContext: initialization completed in 637 ms
2022-07-27 19:07:26.528  WARN 10124 --- [main] l.server.config.SentryConfiguration      : Turning off sentry
2022-07-27 19:07:26.676  INFO 10124 --- [main] c.s.d.l.tools.GarbageCollectionMonitor   : GC monitoring enabled, reporting results every 2 minutes.
2022-07-27 19:07:26.774  INFO 10124 --- [main] lavalink.server.config.KoeConfiguration  : OS: Windows 10, Arch: amd64
2022-07-27 19:07:26.774  WARN 10124 --- [main] lavalink.server.config.KoeConfiguration  : This system and architecture appears to not support native audio sending! GC pauses may cause your bot to stutter during playback.
2022-07-27 19:07:26.907  INFO 10124 --- [main] o.s.s.concurrent.ThreadPoolTaskExecutor  : Initializing ExecutorService 'applicationTaskExecutor'
2022-07-27 19:07:27.073  INFO 10124 --- [main] org.xnio                                 : XNIO version 3.3.8.Final
2022-07-27 19:07:27.079  INFO 10124 --- [main] org.xnio.nio                             : XNIO NIO Implementation Version 3.3.8.Final
2022-07-27 19:07:27.110  INFO 10124 --- [main] o.s.b.w.e.u.UndertowServletWebServer     : Undertow started on port(s) 2333 (http) with context path ''
2022-07-27 19:07:27.112  INFO 10124 --- [main] lavalink.server.Launcher                 : Started Launcher in 1.786 seconds (JVM running for 2.044)
2022-07-27 19:07:27.113  INFO 10124 --- [main] lavalink.server.Launcher                 : You can safely ignore the big red warning about illegal reflection. See https://github.com/freyacodes/Lavalink/issues/295
2022-07-27 19:07:27.904  INFO 10124 --- [XNIO-1 task-1] io.undertow.servlet                      : Initializing Spring DispatcherServlet 'dispatcherServlet'
2022-07-27 19:07:27.904  INFO 10124 --- [XNIO-1 task-1] o.s.web.servlet.DispatcherServlet        : Initializing Servlet 'dispatcherServlet'
2022-07-27 19:07:27.907  INFO 10124 --- [XNIO-1 task-1] o.s.web.servlet.DispatcherServlet        : Completed initialization in 3 ms
2022-07-27 19:07:27.918  INFO 10124 --- [XNIO-1 task-1] l.server.io.HandshakeInterceptorImpl     : Incoming connection from /127.0.0.1:54014
2022-07-27 19:07:27.950  INFO 10124 --- [XNIO-1 task-1] lavalink.server.io.SocketServer          : Connection successfully established from lavalink-rs/0.9.0-rc.3
2022-07-27 19:07:28.312  WARN 10124 --- [pool-1-thread-1] o.u.p.windows.PerfCounterWildcardQuery   : Disabling further attempts to query Processor Information.
2022-07-27 19:08:28.131  INFO 10124 --- [XNIO-1 I/O-2] lavalink.server.io.SocketServer          : Connection closed from /127.0.0.1:54014 -- CloseStatus[code=1006, reason=]
2022-07-27 19:08:28.132  INFO 10124 --- [XNIO-1 I/O-2] lavalink.server.io.SocketContext         : Shutting down 0 playing players.
